[0225/172054.817:ERROR:process_info.cc(608)] range at 0x3dcb43e400000000, size 0x59 fully unreadable
[0225/172054.890:ERROR:process_info.cc(608)] range at 0x3dcb444600000000, size 0x59 fully unreadable
[0225/172054.890:ERROR:process_info.cc(608)] range at 0x0, size 0x59 fully unreadable
[0225/172056.126:WARNING:in_range_cast.h(38)] value 8795642662816 out of range
[0225/172056.126:WARNING:in_range_cast.h(38)] value 8795643279884 out of range
[0225/172056.126:WARNING:in_range_cast.h(38)] value 8795643279940 out of range
[0225/172056.126:WARNING:in_range_cast.h(38)] value 6367188090309032570 out of range
[0225/172056.126:WARNING:in_range_cast.h(38)] value 6935924450530639011 out of range
[0225/172056.126:WARNING:in_range_cast.h(38)] value 6901930188088675448 out of range
[0225/172056.126:WARNING:in_range_cast.h(38)] value 1926463443200266484 out of range
[0225/172056.126:WARNING:in_range_cast.h(38)] value 5768244550696815591 out of range
[0225/172106.698:ERROR:process_reader_win.cc(233)] ReadMemory at 0x593da4c000 of 147456 bytes failed: Only part of a ReadProcessMemory or WriteProcessMemory request was completed. (0x12B)
[0225/172107.298:ERROR:crash_report_exception_handler.cc(111)] WriteEverything failed
[0225/172107.300:ERROR:scoped_process_suspend.cc(38)] NtResumeProcess: An attempt was made to access an exiting process.  (0xc000010a)
[0228/043114.383:ERROR:process_info.cc(608)] range at 0xede03d4e00000000, size 0x6 fully unreadable
[0228/043114.403:ERROR:process_info.cc(608)] range at 0xede03d6e00000000, size 0x6 fully unreadable
[0228/043114.403:ERROR:process_info.cc(608)] range at 0x0, size 0x6 fully unreadable
[0228/043116.891:WARNING:in_range_cast.h(38)] value 8795642662816 out of range
[0228/043116.891:WARNING:in_range_cast.h(38)] value 8795643279884 out of range
[0228/043116.891:WARNING:in_range_cast.h(38)] value 8795643279940 out of range
[0228/043116.891:WARNING:in_range_cast.h(38)] value 6367188090309032570 out of range
[0228/043116.891:WARNING:in_range_cast.h(38)] value 6935924450530639011 out of range
[0228/043116.891:WARNING:in_range_cast.h(38)] value 6901930188088675448 out of range
[0228/043116.891:WARNING:in_range_cast.h(38)] value 1926463443200266484 out of range
[0228/043116.891:WARNING:in_range_cast.h(38)] value 5768244550696815591 out of range
